<?xml version="1.0" encoding="UTF-8"?>
<testng-results skipped="0" failed="0" ignored="0" total="1" passed="1">
  <reporter-output>
  </reporter-output>
  <suite name="Default suite" duration-ms="17387" started-at="2020-05-03T22:00:59 EDT" finished-at="2020-05-03T22:01:16 EDT">
    <groups>
    </groups>
    <test name="Default test" duration-ms="17387" started-at="2020-05-03T22:00:59 EDT" finished-at="2020-05-03T22:01:16 EDT">
      <class name="theInternet.tests.Scroll">
        <test-method status="PASS" signature="readSettings(java.lang.String, java.lang.String, java.lang.String, java.lang.String, java.lang.String)[pri:0, instance:theInternet.tests.Scroll@2d6eabae]" name="readSettings" is-config="true" duration-ms="23" started-at="2020-05-03T22:00:59 EDT" finished-at="2020-05-03T22:00:59 EDT">
          <params>
            <param index="0">
              <value is-null="true"/>
            </param>
            <param index="1">
              <value is-null="true"/>
            </param>
            <param index="2">
              <value is-null="true"/>
            </param>
            <param index="3">
              <value is-null="true"/>
            </param>
            <param index="4">
              <value is-null="true"/>
            </param>
          </params>
          <reporter-output>
          </reporter-output>
        </test-method> <!-- readSettings -->
        <test-method status="PASS" signature="setup()[pri:0, instance:theInternet.tests.Scroll@2d6eabae]" name="setup" is-config="true" duration-ms="5202" started-at="2020-05-03T22:00:59 EDT" finished-at="2020-05-03T22:01:04 EDT">
          <reporter-output>
          </reporter-output>
        </test-method> <!-- setup -->
        <test-method status="PASS" signature="canScrollAndGetParagraphText()[pri:0, instance:theInternet.tests.Scroll@2d6eabae]" name="canScrollAndGetParagraphText" duration-ms="10829" started-at="2020-05-03T22:01:04 EDT" finished-at="2020-05-03T22:01:15 EDT">
          <reporter-output>
          </reporter-output>
        </test-method> <!-- canScrollAndGetParagraphText -->
        <test-method status="PASS" signature="tearDown()[pri:0, instance:theInternet.tests.Scroll@2d6eabae]" name="tearDown" is-config="true" duration-ms="1288" started-at="2020-05-03T22:01:15 EDT" finished-at="2020-05-03T22:01:16 EDT">
          <reporter-output>
          </reporter-output>
        </test-method> <!-- tearDown -->
      </class> <!-- theInternet.tests.Scroll -->
    </test> <!-- Default test -->
  </suite> <!-- Default suite -->
</testng-results>
